<html>
<head>
<title>TestNG:  CRM App - ChromeTest</title>
<link href="../testng.css" rel="stylesheet" type="text/css" />
<link href="../my-testng.css" rel="stylesheet" type="text/css" />

<style type="text/css">
.log { display: none;} 
.stack-trace { display: none;} 
</style>
<script type="text/javascript">
<!--
function flip(e) {
  current = e.style.display;
  if (current == 'block') {
    e.style.display = 'none';
    return 0;
  }
  else {
    e.style.display = 'block';
    return 1;
  }
}

function toggleBox(szDivId, elem, msg1, msg2)
{
  var res = -1;  if (document.getElementById) {
    res = flip(document.getElementById(szDivId));
  }
  else if (document.all) {
    // this is the way old msie versions work
    res = flip(document.all[szDivId]);
  }
  if(elem) {
    if(res == 0) elem.innerHTML = msg1; else elem.innerHTML = msg2;
  }

}

function toggleAllBoxes() {
  if (document.getElementsByTagName) {
    d = document.getElementsByTagName('div');
    for (i = 0; i < d.length; i++) {
      if (d[i].className == 'log') {
        flip(d[i]);
      }
    }
  }
}

// -->
</script>

</head>
<body>
<h2 align='center'>CRM App - ChromeTest</h2><table border='1' align="center">
<tr>
<td>Tests passed/Failed/Skipped:</td><td>5/0/26</td>
</tr><tr>
<td>Started on:</td><td>Wed Sep 05 13:03:19 IST 2018</td>
</tr>
<tr><td>Total time:</td><td>76 seconds (76771 ms)</td>
</tr><tr>
<td>Included groups:</td><td></td>
</tr><tr>
<td>Excluded groups:</td><td></td>
</tr>
</table><p/>
<small><i>(Hover the method name to see the test class name)</i></small><p/>
<table width='100%' border='1' class='invocation-failed'>
<tr><td colspan='4' align='center'><b>FAILED CONFIGURATIONS</b></td></tr>
<tr><td><b>Test method</b></td>
<td width="30%"><b>Exception</b></td>
<td width="10%"><b>Time (seconds)</b></td>
<td><b>Instance</b></td>
</tr>
<tr>
<td title='com.crm.qa.testcases.LoginPageTest.setUp()'><b>setUp</b><br>Test class: com.crm.qa.testcases.LoginPageTest<br>Parameters: chrome</td>
<td><div><pre>org.openqa.selenium.WebDriverException: unknown error: failed to change window state to normal, current state is maximized
  (Session info: chrome=68.0.3440.106)
  (Driver info: chromedriver=2.39.562718 (9a2698cba08cf5a471a29d30c8b3e12becabb0e9),platform=Windows NT 6.3.9600 x86_64) (WARNING: The server did not provide any stacktrace information)
Command duration or timeout: 0 milliseconds
Build info: version: &apos;3.13.0&apos;, revision: &apos;2f0d292&apos;, time: &apos;2018-06-25T15:24:21.231Z&apos;
System info: host: &apos;HIMANSHU-PC&apos;, ip: &apos;192.168.0.104&apos;, os.name: &apos;Windows 8.1&apos;, os.arch: &apos;amd64&apos;, os.version: &apos;6.3&apos;, java.version: &apos;1.8.0_181&apos;
Driver info: org.openqa.selenium.chrome.ChromeDriver
Capabilities {acceptInsecureCerts: false, acceptSslCerts: false, applicationCacheEnabled: false, browserConnectionEnabled: false, browserName: chrome, chrome: {chromedriverVersion: 2.39.562718 (9a2698cba08cf5..., userDataDir: C:\Users\Himanshu\AppData\L...}, cssSelectorsEnabled: true, databaseEnabled: false, handlesAlerts: true, hasTouchScreen: false, javascriptEnabled: true, locationContextEnabled: true, mobileEmulationEnabled: false, nativeEvents: true, networkConnectionEnabled: false, pageLoadStrategy: normal, platform: XP, platformName: XP, rotatable: false, setWindowRect: true, takesHeapSnapshot: true, takesScreenshot: true, unexpectedAlertBehaviour: , unhandledPromptBehavior: , version: 68.0.3440.106, webStorageEnabled: true}
Session ID: 7b563aee59712c6d8d22abc758aadb3b
	at org.openqa.selenium.remote.ErrorHandler.createThrowable(ErrorHandler.java:214)
	at org.openqa.selenium.remote.ErrorHandler.throwIfResponseFailed(ErrorHandler.java:166)
	at org.openqa.selenium.remote.http.JsonHttpResponseCodec.reconstructValue(JsonHttpResponseCodec.java:40)
	at org.openqa.selenium.remote.http.AbstractHttpResponseCodec.decode(AbstractHttpResponseCodec.java:80)
	at org.openqa.selenium.remote.http.AbstractHttpResponseCodec.decode(AbstractHttpResponseCodec.java:44)
	at org.openqa.selenium.remote.HttpCommandExecutor.execute(HttpCommandExecutor.java:158)
	at org.openqa.selenium.remote.service.DriverCommandExecutor.execute(DriverCommandExecutor.java:83)
	at org.openqa.selenium.remote.RemoteWebDriver.execute(RemoteWebDriver.java:548)
	at org.openqa.selenium.remote.RemoteWebDriver.execute(RemoteWebDriver.java:605)
	at org.openqa.selenium.remote.RemoteWebDriver$RemoteWebDriverOptions$RemoteWindow.maximize(RemoteWebDriver.java:833)
	at com.crm.base.TestBase.getBrowser(TestBase.java:70)
	at com.crm.base.TestEnvironment.setUp(TestEnvironment.java:31)
... Removed 28 stack frames</pre></div><a href='#' onClick='toggleBox("stack-trace886004375", this, "Click to show all stack frames", "Click to hide stack frames")'>Click to show all stack frames</a>
<div class='stack-trace' id='stack-trace886004375'><pre>org.openqa.selenium.WebDriverException: unknown error: failed to change window state to normal, current state is maximized
  (Session info: chrome=68.0.3440.106)
  (Driver info: chromedriver=2.39.562718 (9a2698cba08cf5a471a29d30c8b3e12becabb0e9),platform=Windows NT 6.3.9600 x86_64) (WARNING: The server did not provide any stacktrace information)
Command duration or timeout: 0 milliseconds
Build info: version: &apos;3.13.0&apos;, revision: &apos;2f0d292&apos;, time: &apos;2018-06-25T15:24:21.231Z&apos;
System info: host: &apos;HIMANSHU-PC&apos;, ip: &apos;192.168.0.104&apos;, os.name: &apos;Windows 8.1&apos;, os.arch: &apos;amd64&apos;, os.version: &apos;6.3&apos;, java.version: &apos;1.8.0_181&apos;
Driver info: org.openqa.selenium.chrome.ChromeDriver
Capabilities {acceptInsecureCerts: false, acceptSslCerts: false, applicationCacheEnabled: false, browserConnectionEnabled: false, browserName: chrome, chrome: {chromedriverVersion: 2.39.562718 (9a2698cba08cf5..., userDataDir: C:\Users\Himanshu\AppData\L...}, cssSelectorsEnabled: true, databaseEnabled: false, handlesAlerts: true, hasTouchScreen: false, javascriptEnabled: true, locationContextEnabled: true, mobileEmulationEnabled: false, nativeEvents: true, networkConnectionEnabled: false, pageLoadStrategy: normal, platform: XP, platformName: XP, rotatable: false, setWindowRect: true, takesHeapSnapshot: true, takesScreenshot: true, unexpectedAlertBehaviour: , unhandledPromptBehavior: , version: 68.0.3440.106, webStorageEnabled: true}
Session ID: 7b563aee59712c6d8d22abc758aadb3b
	at sun.reflect.NativeConstructorAccessorImpl.newInstance0(Native Method)
	at sun.reflect.NativeConstructorAccessorImpl.newInstance(Unknown Source)
	at sun.reflect.DelegatingConstructorAccessorImpl.newInstance(Unknown Source)
	at java.lang.reflect.Constructor.newInstance(Unknown Source)
	at org.openqa.selenium.remote.ErrorHandler.createThrowable(ErrorHandler.java:214)
	at org.openqa.selenium.remote.ErrorHandler.throwIfResponseFailed(ErrorHandler.java:166)
	at org.openqa.selenium.remote.http.JsonHttpResponseCodec.reconstructValue(JsonHttpResponseCodec.java:40)
	at org.openqa.selenium.remote.http.AbstractHttpResponseCodec.decode(AbstractHttpResponseCodec.java:80)
	at org.openqa.selenium.remote.http.AbstractHttpResponseCodec.decode(AbstractHttpResponseCodec.java:44)
	at org.openqa.selenium.remote.HttpCommandExecutor.execute(HttpCommandExecutor.java:158)
	at org.openqa.selenium.remote.service.DriverCommandExecutor.execute(DriverCommandExecutor.java:83)
	at org.openqa.selenium.remote.RemoteWebDriver.execute(RemoteWebDriver.java:548)
	at org.openqa.selenium.remote.RemoteWebDriver.execute(RemoteWebDriver.java:605)
	at org.openqa.selenium.remote.RemoteWebDriver$RemoteWebDriverOptions$RemoteWindow.maximize(RemoteWebDriver.java:833)
	at com.crm.base.TestBase.getBrowser(TestBase.java:70)
	at com.crm.base.TestEnvironment.setUp(TestEnvironment.java:31)
	at sun.reflect.NativeMethodAccessorImpl.invoke0(Native Method)
	at sun.reflect.NativeMethodAccessorImpl.invoke(Unknown Source)
	at sun.reflect.DelegatingMethodAccessorImpl.invoke(Unknown Source)
	at java.lang.reflect.Method.invoke(Unknown Source)
	at org.testng.internal.MethodInvocationHelper.invokeMethod(MethodInvocationHelper.java:85)
	at org.testng.internal.Invoker.invokeConfigurationMethod(Invoker.java:510)
	at org.testng.internal.Invoker.invokeConfigurations(Invoker.java:211)
	at org.testng.internal.Invoker.invokeConfigurations(Invoker.java:138)
	at org.testng.internal.TestMethodWorker.invokeBeforeClassMethods(TestMethodWorker.java:170)
	at org.testng.internal.TestMethodWorker.run(TestMethodWorker.java:104)
	at org.testng.TestRunner.privateRun(TestRunner.java:774)
	at org.testng.TestRunner.run(TestRunner.java:624)
	at org.testng.SuiteRunner.runTest(SuiteRunner.java:359)
	at org.testng.SuiteRunner.runSequentially(SuiteRunner.java:354)
	at org.testng.SuiteRunner.privateRun(SuiteRunner.java:312)
	at org.testng.SuiteRunner.run(SuiteRunner.java:261)
	at org.testng.SuiteRunnerWorker.runSuite(SuiteRunnerWorker.java:52)
	at org.testng.SuiteRunnerWorker.run(SuiteRunnerWorker.java:86)
	at org.testng.TestNG.runSuitesSequentially(TestNG.java:1191)
	at org.testng.TestNG.runSuitesLocally(TestNG.java:1116)
	at org.testng.TestNG.run(TestNG.java:1024)
	at org.testng.remote.AbstractRemoteTestNG.run(AbstractRemoteTestNG.java:114)
	at org.testng.remote.RemoteTestNG.initAndRun(RemoteTestNG.java:251)
	at org.testng.remote.RemoteTestNG.main(RemoteTestNG.java:77)
</pre></div></td>
<td>0</td>
<td>com.crm.qa.testcases.LoginPageTest@7e0b0338</td></tr>
</table><p>
<table width='100%' border='1' class='invocation-skipped'>
<tr><td colspan='4' align='center'><b>SKIPPED CONFIGURATIONS</b></td></tr>
<tr><td><b>Test method</b></td>
<td width="30%"><b>Exception</b></td>
<td width="10%"><b>Time (seconds)</b></td>
<td><b>Instance</b></td>
</tr>
<tr>
<td title='com.crm.qa.testcases.LoginPageTest.initialization()'><b>initialization</b><br>Test class: com.crm.qa.testcases.LoginPageTest</td>
<td></td>
<td>0</td>
<td>com.crm.qa.testcases.LoginPageTest@7e0b0338</td></tr>
<tr>
<td title='com.crm.qa.testcases.HomePageTest.initialization()'><b>initialization</b><br>Test class: com.crm.qa.testcases.HomePageTest</td>
<td></td>
<td>0</td>
<td>com.crm.qa.testcases.HomePageTest@617faa95</td></tr>
<tr>
<td title='com.crm.qa.testcases.ContactsPageTest.initialization()'><b>initialization</b><br>Test class: com.crm.qa.testcases.ContactsPageTest</td>
<td></td>
<td>0</td>
<td>com.crm.qa.testcases.ContactsPageTest@1e127982</td></tr>
<tr>
<td title='com.crm.qa.testcases.LoginPageTest.beforeMethod()'><b>beforeMethod</b><br>Test class: com.crm.qa.testcases.LoginPageTest</td>
<td></td>
<td>0</td>
<td>com.crm.qa.testcases.LoginPageTest@7e0b0338</td></tr>
<tr>
<td title='com.crm.qa.testcases.LoginPageTest.beforeMethod()'><b>beforeMethod</b><br>Test class: com.crm.qa.testcases.LoginPageTest</td>
<td></td>
<td>0</td>
<td>com.crm.qa.testcases.LoginPageTest@7e0b0338</td></tr>
<tr>
<td title='com.crm.qa.testcases.LoginPageTest.beforeMethod()'><b>beforeMethod</b><br>Test class: com.crm.qa.testcases.LoginPageTest</td>
<td></td>
<td>0</td>
<td>com.crm.qa.testcases.LoginPageTest@7e0b0338</td></tr>
<tr>
<td title='com.crm.qa.testcases.LoginPageTest.beforeMethod()'><b>beforeMethod</b><br>Test class: com.crm.qa.testcases.LoginPageTest</td>
<td></td>
<td>0</td>
<td>com.crm.qa.testcases.LoginPageTest@7e0b0338</td></tr>
<tr>
<td title='com.crm.qa.testcases.LoginPageTest.beforeMethod()'><b>beforeMethod</b><br>Test class: com.crm.qa.testcases.LoginPageTest</td>
<td></td>
<td>0</td>
<td>com.crm.qa.testcases.LoginPageTest@7e0b0338</td></tr>
<tr>
<td title='com.crm.qa.testcases.LoginPageTest.beforeMethod()'><b>beforeMethod</b><br>Test class: com.crm.qa.testcases.LoginPageTest</td>
<td></td>
<td>0</td>
<td>com.crm.qa.testcases.LoginPageTest@7e0b0338</td></tr>
<tr>
<td title='com.crm.qa.testcases.LoginPageTest.beforeMethod()'><b>beforeMethod</b><br>Test class: com.crm.qa.testcases.LoginPageTest</td>
<td></td>
<td>0</td>
<td>com.crm.qa.testcases.LoginPageTest@7e0b0338</td></tr>
<tr>
<td title='com.crm.qa.testcases.LoginPageTest.beforeMethod()'><b>beforeMethod</b><br>Test class: com.crm.qa.testcases.LoginPageTest</td>
<td></td>
<td>0</td>
<td>com.crm.qa.testcases.LoginPageTest@7e0b0338</td></tr>
<tr>
<td title='com.crm.qa.testcases.LoginPageTest.beforeMethod()'><b>beforeMethod</b><br>Test class: com.crm.qa.testcases.LoginPageTest</td>
<td></td>
<td>0</td>
<td>com.crm.qa.testcases.LoginPageTest@7e0b0338</td></tr>
<tr>
<td title='com.crm.qa.testcases.LoginPageTest.beforeMethod()'><b>beforeMethod</b><br>Test class: com.crm.qa.testcases.LoginPageTest</td>
<td></td>
<td>0</td>
<td>com.crm.qa.testcases.LoginPageTest@7e0b0338</td></tr>
<tr>
<td title='com.crm.qa.testcases.LoginPageTest.beforeMethod()'><b>beforeMethod</b><br>Test class: com.crm.qa.testcases.LoginPageTest</td>
<td></td>
<td>0</td>
<td>com.crm.qa.testcases.LoginPageTest@7e0b0338</td></tr>
<tr>
<td title='com.crm.qa.testcases.LoginPageTest.beforeMethod()'><b>beforeMethod</b><br>Test class: com.crm.qa.testcases.LoginPageTest</td>
<td></td>
<td>0</td>
<td>com.crm.qa.testcases.LoginPageTest@7e0b0338</td></tr>
<tr>
<td title='com.crm.qa.testcases.LoginPageTest.beforeMethod()'><b>beforeMethod</b><br>Test class: com.crm.qa.testcases.LoginPageTest</td>
<td></td>
<td>0</td>
<td>com.crm.qa.testcases.LoginPageTest@7e0b0338</td></tr>
<tr>
<td title='com.crm.qa.testcases.HomePageTest.beforeMethod()'><b>beforeMethod</b><br>Test class: com.crm.qa.testcases.HomePageTest</td>
<td></td>
<td>0</td>
<td>com.crm.qa.testcases.HomePageTest@617faa95</td></tr>
<tr>
<td title='com.crm.qa.testcases.HomePageTest.beforeMethod()'><b>beforeMethod</b><br>Test class: com.crm.qa.testcases.HomePageTest</td>
<td></td>
<td>0</td>
<td>com.crm.qa.testcases.HomePageTest@617faa95</td></tr>
<tr>
<td title='com.crm.qa.testcases.HomePageTest.beforeMethod()'><b>beforeMethod</b><br>Test class: com.crm.qa.testcases.HomePageTest</td>
<td></td>
<td>0</td>
<td>com.crm.qa.testcases.HomePageTest@617faa95</td></tr>
<tr>
<td title='com.crm.qa.testcases.ContactsPageTest.beforeMethod()'><b>beforeMethod</b><br>Test class: com.crm.qa.testcases.ContactsPageTest</td>
<td></td>
<td>0</td>
<td>com.crm.qa.testcases.ContactsPageTest@1e127982</td></tr>
<tr>
<td title='com.crm.qa.testcases.ContactsPageTest.beforeMethod()'><b>beforeMethod</b><br>Test class: com.crm.qa.testcases.ContactsPageTest</td>
<td></td>
<td>0</td>
<td>com.crm.qa.testcases.ContactsPageTest@1e127982</td></tr>
<tr>
<td title='com.crm.qa.testcases.ContactsPageTest.beforeMethod()'><b>beforeMethod</b><br>Test class: com.crm.qa.testcases.ContactsPageTest</td>
<td></td>
<td>0</td>
<td>com.crm.qa.testcases.ContactsPageTest@1e127982</td></tr>
<tr>
<td title='com.crm.qa.testcases.ContactsPageTest.beforeMethod()'><b>beforeMethod</b><br>Test class: com.crm.qa.testcases.ContactsPageTest</td>
<td></td>
<td>0</td>
<td>com.crm.qa.testcases.ContactsPageTest@1e127982</td></tr>
<tr>
<td title='com.crm.qa.testcases.ContactsPageTest.beforeMethod()'><b>beforeMethod</b><br>Test class: com.crm.qa.testcases.ContactsPageTest</td>
<td></td>
<td>0</td>
<td>com.crm.qa.testcases.ContactsPageTest@1e127982</td></tr>
<tr>
<td title='com.crm.qa.testcases.ContactsPageTest.beforeMethod()'><b>beforeMethod</b><br>Test class: com.crm.qa.testcases.ContactsPageTest</td>
<td></td>
<td>0</td>
<td>com.crm.qa.testcases.ContactsPageTest@1e127982</td></tr>
<tr>
<td title='com.crm.qa.testcases.ContactsPageTest.beforeMethod()'><b>beforeMethod</b><br>Test class: com.crm.qa.testcases.ContactsPageTest</td>
<td></td>
<td>0</td>
<td>com.crm.qa.testcases.ContactsPageTest@1e127982</td></tr>
<tr>
<td title='com.crm.qa.testcases.ContactsPageTest.beforeMethod()'><b>beforeMethod</b><br>Test class: com.crm.qa.testcases.ContactsPageTest</td>
<td></td>
<td>0</td>
<td>com.crm.qa.testcases.ContactsPageTest@1e127982</td></tr>
<tr>
<td title='com.crm.qa.testcases.ContactsPageTest.beforeMethod()'><b>beforeMethod</b><br>Test class: com.crm.qa.testcases.ContactsPageTest</td>
<td></td>
<td>0</td>
<td>com.crm.qa.testcases.ContactsPageTest@1e127982</td></tr>
<tr>
<td title='com.crm.qa.testcases.LoginPageTest.afterMethod()'><b>afterMethod</b><br>Test class: com.crm.qa.testcases.LoginPageTest</td>
<td></td>
<td>0</td>
<td>com.crm.qa.testcases.LoginPageTest@7e0b0338</td></tr>
<tr>
<td title='com.crm.qa.testcases.LoginPageTest.afterMethod()'><b>afterMethod</b><br>Test class: com.crm.qa.testcases.LoginPageTest</td>
<td></td>
<td>0</td>
<td>com.crm.qa.testcases.LoginPageTest@7e0b0338</td></tr>
<tr>
<td title='com.crm.qa.testcases.LoginPageTest.afterMethod()'><b>afterMethod</b><br>Test class: com.crm.qa.testcases.LoginPageTest</td>
<td></td>
<td>0</td>
<td>com.crm.qa.testcases.LoginPageTest@7e0b0338</td></tr>
<tr>
<td title='com.crm.qa.testcases.LoginPageTest.afterMethod()'><b>afterMethod</b><br>Test class: com.crm.qa.testcases.LoginPageTest</td>
<td></td>
<td>0</td>
<td>com.crm.qa.testcases.LoginPageTest@7e0b0338</td></tr>
<tr>
<td title='com.crm.qa.testcases.LoginPageTest.afterMethod()'><b>afterMethod</b><br>Test class: com.crm.qa.testcases.LoginPageTest</td>
<td></td>
<td>0</td>
<td>com.crm.qa.testcases.LoginPageTest@7e0b0338</td></tr>
<tr>
<td title='com.crm.qa.testcases.LoginPageTest.afterMethod()'><b>afterMethod</b><br>Test class: com.crm.qa.testcases.LoginPageTest</td>
<td></td>
<td>0</td>
<td>com.crm.qa.testcases.LoginPageTest@7e0b0338</td></tr>
<tr>
<td title='com.crm.qa.testcases.LoginPageTest.afterMethod()'><b>afterMethod</b><br>Test class: com.crm.qa.testcases.LoginPageTest</td>
<td></td>
<td>0</td>
<td>com.crm.qa.testcases.LoginPageTest@7e0b0338</td></tr>
<tr>
<td title='com.crm.qa.testcases.LoginPageTest.afterMethod()'><b>afterMethod</b><br>Test class: com.crm.qa.testcases.LoginPageTest</td>
<td></td>
<td>0</td>
<td>com.crm.qa.testcases.LoginPageTest@7e0b0338</td></tr>
<tr>
<td title='com.crm.qa.testcases.LoginPageTest.afterMethod()'><b>afterMethod</b><br>Test class: com.crm.qa.testcases.LoginPageTest</td>
<td></td>
<td>0</td>
<td>com.crm.qa.testcases.LoginPageTest@7e0b0338</td></tr>
<tr>
<td title='com.crm.qa.testcases.LoginPageTest.afterMethod()'><b>afterMethod</b><br>Test class: com.crm.qa.testcases.LoginPageTest</td>
<td></td>
<td>0</td>
<td>com.crm.qa.testcases.LoginPageTest@7e0b0338</td></tr>
<tr>
<td title='com.crm.qa.testcases.LoginPageTest.afterMethod()'><b>afterMethod</b><br>Test class: com.crm.qa.testcases.LoginPageTest</td>
<td></td>
<td>0</td>
<td>com.crm.qa.testcases.LoginPageTest@7e0b0338</td></tr>
<tr>
<td title='com.crm.qa.testcases.LoginPageTest.afterMethod()'><b>afterMethod</b><br>Test class: com.crm.qa.testcases.LoginPageTest</td>
<td></td>
<td>0</td>
<td>com.crm.qa.testcases.LoginPageTest@7e0b0338</td></tr>
<tr>
<td title='com.crm.qa.testcases.LoginPageTest.afterMethod()'><b>afterMethod</b><br>Test class: com.crm.qa.testcases.LoginPageTest</td>
<td></td>
<td>0</td>
<td>com.crm.qa.testcases.LoginPageTest@7e0b0338</td></tr>
<tr>
<td title='com.crm.qa.testcases.HomePageTest.afterMethod()'><b>afterMethod</b><br>Test class: com.crm.qa.testcases.HomePageTest</td>
<td></td>
<td>0</td>
<td>com.crm.qa.testcases.HomePageTest@617faa95</td></tr>
<tr>
<td title='com.crm.qa.testcases.HomePageTest.afterMethod()'><b>afterMethod</b><br>Test class: com.crm.qa.testcases.HomePageTest</td>
<td></td>
<td>0</td>
<td>com.crm.qa.testcases.HomePageTest@617faa95</td></tr>
<tr>
<td title='com.crm.qa.testcases.HomePageTest.afterMethod()'><b>afterMethod</b><br>Test class: com.crm.qa.testcases.HomePageTest</td>
<td></td>
<td>0</td>
<td>com.crm.qa.testcases.HomePageTest@617faa95</td></tr>
<tr>
<td title='com.crm.qa.testcases.ContactsPageTest.afterMethod()'><b>afterMethod</b><br>Test class: com.crm.qa.testcases.ContactsPageTest</td>
<td></td>
<td>0</td>
<td>com.crm.qa.testcases.ContactsPageTest@1e127982</td></tr>
<tr>
<td title='com.crm.qa.testcases.ContactsPageTest.afterMethod()'><b>afterMethod</b><br>Test class: com.crm.qa.testcases.ContactsPageTest</td>
<td></td>
<td>0</td>
<td>com.crm.qa.testcases.ContactsPageTest@1e127982</td></tr>
<tr>
<td title='com.crm.qa.testcases.ContactsPageTest.afterMethod()'><b>afterMethod</b><br>Test class: com.crm.qa.testcases.ContactsPageTest</td>
<td></td>
<td>0</td>
<td>com.crm.qa.testcases.ContactsPageTest@1e127982</td></tr>
<tr>
<td title='com.crm.qa.testcases.ContactsPageTest.afterMethod()'><b>afterMethod</b><br>Test class: com.crm.qa.testcases.ContactsPageTest</td>
<td></td>
<td>0</td>
<td>com.crm.qa.testcases.ContactsPageTest@1e127982</td></tr>
<tr>
<td title='com.crm.qa.testcases.ContactsPageTest.afterMethod()'><b>afterMethod</b><br>Test class: com.crm.qa.testcases.ContactsPageTest</td>
<td></td>
<td>0</td>
<td>com.crm.qa.testcases.ContactsPageTest@1e127982</td></tr>
<tr>
<td title='com.crm.qa.testcases.ContactsPageTest.afterMethod()'><b>afterMethod</b><br>Test class: com.crm.qa.testcases.ContactsPageTest</td>
<td></td>
<td>0</td>
<td>com.crm.qa.testcases.ContactsPageTest@1e127982</td></tr>
<tr>
<td title='com.crm.qa.testcases.ContactsPageTest.afterMethod()'><b>afterMethod</b><br>Test class: com.crm.qa.testcases.ContactsPageTest</td>
<td></td>
<td>0</td>
<td>com.crm.qa.testcases.ContactsPageTest@1e127982</td></tr>
<tr>
<td title='com.crm.qa.testcases.ContactsPageTest.afterMethod()'><b>afterMethod</b><br>Test class: com.crm.qa.testcases.ContactsPageTest</td>
<td></td>
<td>0</td>
<td>com.crm.qa.testcases.ContactsPageTest@1e127982</td></tr>
<tr>
<td title='com.crm.qa.testcases.ContactsPageTest.afterMethod()'><b>afterMethod</b><br>Test class: com.crm.qa.testcases.ContactsPageTest</td>
<td></td>
<td>0</td>
<td>com.crm.qa.testcases.ContactsPageTest@1e127982</td></tr>
<tr>
<td title='com.crm.qa.testcases.SignUpPageTest.testResult()'><b>testResult</b><br>Test class: com.crm.qa.testcases.SignUpPageTest</td>
<td></td>
<td>0</td>
<td>null</td></tr>
</table><p>
<table width='100%' border='1' class='invocation-passed'>
<tr><td colspan='4' align='center'><b>PASSED TESTS</b></td></tr>
<tr><td><b>Test method</b></td>
<td width="30%"><b>Exception</b></td>
<td width="10%"><b>Time (seconds)</b></td>
<td><b>Instance</b></td>
</tr>
<tr>
<td title='com.crm.qa.testcases.SignUpPageTest.signUpPageAllFieldsTest()'><b>signUpPageAllFieldsTest</b><br>Test class: com.crm.qa.testcases.SignUpPageTest</td>
<td></td>
<td>7</td>
<td>com.crm.qa.testcases.SignUpPageTest@6e1ec318</td></tr>
<tr>
<td title='com.crm.qa.testcases.SignUpPageTest.validateSignUpPageTest()'><b>validateSignUpPageTest</b><br>Test class: com.crm.qa.testcases.SignUpPageTest</td>
<td></td>
<td>0</td>
<td>com.crm.qa.testcases.SignUpPageTest@6e1ec318</td></tr>
<tr>
<td title='com.crm.qa.testcases.SignUpPageTest.verifyEditionTextTest()'><b>verifyEditionTextTest</b><br>Test class: com.crm.qa.testcases.SignUpPageTest</td>
<td></td>
<td>0</td>
<td>com.crm.qa.testcases.SignUpPageTest@6e1ec318</td></tr>
<tr>
<td title='com.crm.qa.testcases.SignUpPageTest.verifySignUpCrmLogoTest()'><b>verifySignUpCrmLogoTest</b><br>Test class: com.crm.qa.testcases.SignUpPageTest</td>
<td></td>
<td>0</td>
<td>com.crm.qa.testcases.SignUpPageTest@6e1ec318</td></tr>
<tr>
<td title='com.crm.qa.testcases.SignUpPageTest.verifySignUpFieldTextTest()'><b>verifySignUpFieldTextTest</b><br>Test class: com.crm.qa.testcases.SignUpPageTest</td>
<td></td>
<td>0</td>
<td>com.crm.qa.testcases.SignUpPageTest@6e1ec318</td></tr>
</table><p>
<table width='100%' border='1' class='invocation-skipped'>
<tr><td colspan='4' align='center'><b>SKIPPED TESTS</b></td></tr>
<tr><td><b>Test method</b></td>
<td width="30%"><b>Exception</b></td>
<td width="10%"><b>Time (seconds)</b></td>
<td><b>Instance</b></td>
</tr>
<tr>
<td title='com.crm.qa.testcases.LoginPageTest.CRMlogosTest()'><b>CRMlogosTest</b><br>Test class: com.crm.qa.testcases.LoginPageTest</td>
<td></td>
<td>0</td>
<td>com.crm.qa.testcases.LoginPageTest@7e0b0338</td></tr>
<tr>
<td title='com.crm.qa.testcases.LoginPageTest.allLinkTexts()'><b>allLinkTexts</b><br>Test class: com.crm.qa.testcases.LoginPageTest</td>
<td></td>
<td>0</td>
<td>com.crm.qa.testcases.LoginPageTest@7e0b0338</td></tr>
<tr>
<td title='com.crm.qa.testcases.LoginPageTest.crmLogoImageTest()'><b>crmLogoImageTest</b><br>Test class: com.crm.qa.testcases.LoginPageTest</td>
<td></td>
<td>0</td>
<td>com.crm.qa.testcases.LoginPageTest@7e0b0338</td></tr>
<tr>
<td title='com.crm.qa.testcases.ContactsPageTest.deleteContactsFromList()'><b>deleteContactsFromList</b><br>Test class: com.crm.qa.testcases.ContactsPageTest<br>Parameters: Mr., Tom, Peter, Google</td>
<td></td>
<td>0</td>
<td>com.crm.qa.testcases.ContactsPageTest@1e127982</td></tr>
<tr>
<td title='com.crm.qa.testcases.ContactsPageTest.deleteContactsFromList()'><b>deleteContactsFromList</b><br>Test class: com.crm.qa.testcases.ContactsPageTest<br>Parameters: Dr., David, Cris, Amazon</td>
<td></td>
<td>0</td>
<td>com.crm.qa.testcases.ContactsPageTest@1e127982</td></tr>
<tr>
<td title='com.crm.qa.testcases.ContactsPageTest.deleteContactsFromList()'><b>deleteContactsFromList</b><br>Test class: com.crm.qa.testcases.ContactsPageTest<br>Parameters: Mrs., Mukta, Sharma, Ebay</td>
<td></td>
<td>0</td>
<td>com.crm.qa.testcases.ContactsPageTest@1e127982</td></tr>
<tr>
<td title='com.crm.qa.testcases.ContactsPageTest.deleteSelectedContacts()'><b>deleteSelectedContacts</b><br>Test class: com.crm.qa.testcases.ContactsPageTest</td>
<td><div><pre>java.lang.Throwable: Method ContactsPageTest.deleteSelectedContacts()[pri:0, instance:com.crm.qa.testcases.ContactsPageTest@1e127982] depends on not successfully finished methods
... Removed 17 stack frames</pre></div><a href='#' onClick='toggleBox("stack-trace954928973", this, "Click to show all stack frames", "Click to hide stack frames")'>Click to show all stack frames</a>
<div class='stack-trace' id='stack-trace954928973'><pre>java.lang.Throwable: Method ContactsPageTest.deleteSelectedContacts()[pri:0, instance:com.crm.qa.testcases.ContactsPageTest@1e127982] depends on not successfully finished methods
	at org.testng.internal.Invoker.invokeTestMethods(Invoker.java:1033)
	at org.testng.internal.TestMethodWorker.invokeTestMethods(TestMethodWorker.java:125)
	at org.testng.internal.TestMethodWorker.run(TestMethodWorker.java:108)
	at org.testng.TestRunner.privateRun(TestRunner.java:774)
	at org.testng.TestRunner.run(TestRunner.java:624)
	at org.testng.SuiteRunner.runTest(SuiteRunner.java:359)
	at org.testng.SuiteRunner.runSequentially(SuiteRunner.java:354)
	at org.testng.SuiteRunner.privateRun(SuiteRunner.java:312)
	at org.testng.SuiteRunner.run(SuiteRunner.java:261)
	at org.testng.SuiteRunnerWorker.runSuite(SuiteRunnerWorker.java:52)
	at org.testng.SuiteRunnerWorker.run(SuiteRunnerWorker.java:86)
	at org.testng.TestNG.runSuitesSequentially(TestNG.java:1191)
	at org.testng.TestNG.runSuitesLocally(TestNG.java:1116)
	at org.testng.TestNG.run(TestNG.java:1024)
	at org.testng.remote.AbstractRemoteTestNG.run(AbstractRemoteTestNG.java:114)
	at org.testng.remote.RemoteTestNG.initAndRun(RemoteTestNG.java:251)
	at org.testng.remote.RemoteTestNG.main(RemoteTestNG.java:77)
</pre></div></td>
<td>0</td>
<td>null</td></tr>
<tr>
<td title='com.crm.qa.testcases.LoginPageTest.forgotPassLinkTest()'><b>forgotPassLinkTest</b><br>Test class: com.crm.qa.testcases.LoginPageTest</td>
<td></td>
<td>0</td>
<td>com.crm.qa.testcases.LoginPageTest@7e0b0338</td></tr>
<tr>
<td title='com.crm.qa.testcases.LoginPageTest.loginPageTitleTest()'><b>loginPageTitleTest</b><br>Test class: com.crm.qa.testcases.LoginPageTest</td>
<td></td>
<td>0</td>
<td>com.crm.qa.testcases.LoginPageTest@7e0b0338</td></tr>
<tr>
<td title='com.crm.qa.testcases.LoginPageTest.loginTest()'><b>loginTest</b><br>Test class: com.crm.qa.testcases.LoginPageTest</td>
<td></td>
<td>0</td>
<td>com.crm.qa.testcases.LoginPageTest@7e0b0338</td></tr>
<tr>
<td title='com.crm.qa.testcases.ContactsPageTest.selectMultipleContactsTest()'><b>selectMultipleContactsTest</b><br>Test class: com.crm.qa.testcases.ContactsPageTest</td>
<td></td>
<td>0</td>
<td>com.crm.qa.testcases.ContactsPageTest@1e127982</td></tr>
<tr>
<td title='com.crm.qa.testcases.ContactsPageTest.selectSingleContactsTest()'><b>selectSingleContactsTest</b><br>Test class: com.crm.qa.testcases.ContactsPageTest</td>
<td></td>
<td>0</td>
<td>com.crm.qa.testcases.ContactsPageTest@1e127982</td></tr>
<tr>
<td title='com.crm.qa.testcases.LoginPageTest.signUpBtnTest()'><b>signUpBtnTest</b><br>Test class: com.crm.qa.testcases.LoginPageTest</td>
<td></td>
<td>0</td>
<td>com.crm.qa.testcases.LoginPageTest@7e0b0338</td></tr>
<tr>
<td title='com.crm.qa.testcases.LoginPageTest.validateCRMHeaderTextTest()'><b>validateCRMHeaderTextTest</b><br>Test class: com.crm.qa.testcases.LoginPageTest</td>
<td></td>
<td>0</td>
<td>com.crm.qa.testcases.LoginPageTest@7e0b0338</td></tr>
<tr>
<td title='com.crm.qa.testcases.LoginPageTest.validateCRMLogoDescriptionTest()'><b>validateCRMLogoDescriptionTest</b><br>Test class: com.crm.qa.testcases.LoginPageTest</td>
<td></td>
<td>0</td>
<td>com.crm.qa.testcases.LoginPageTest@7e0b0338</td></tr>
<tr>
<td title='com.crm.qa.testcases.LoginPageTest.validateCRMlogoText()'><b>validateCRMlogoText</b><br>Test class: com.crm.qa.testcases.LoginPageTest</td>
<td></td>
<td>0</td>
<td>com.crm.qa.testcases.LoginPageTest@7e0b0338</td></tr>
<tr>
<td title='com.crm.qa.testcases.ContactsPageTest.validateCreateNewContact()'><b>validateCreateNewContact</b><br>Test class: com.crm.qa.testcases.ContactsPageTest<br>Parameters: Mr., Tom, Peter, Google</td>
<td></td>
<td>0</td>
<td>com.crm.qa.testcases.ContactsPageTest@1e127982</td></tr>
<tr>
<td title='com.crm.qa.testcases.ContactsPageTest.validateCreateNewContact()'><b>validateCreateNewContact</b><br>Test class: com.crm.qa.testcases.ContactsPageTest<br>Parameters: Dr., David, Cris, Amazon</td>
<td></td>
<td>0</td>
<td>com.crm.qa.testcases.ContactsPageTest@1e127982</td></tr>
<tr>
<td title='com.crm.qa.testcases.ContactsPageTest.validateCreateNewContact()'><b>validateCreateNewContact</b><br>Test class: com.crm.qa.testcases.ContactsPageTest<br>Parameters: Mrs., Mukta, Sharma, Ebay</td>
<td></td>
<td>0</td>
<td>com.crm.qa.testcases.ContactsPageTest@1e127982</td></tr>
<tr>
<td title='com.crm.qa.testcases.LoginPageTest.validateGetMobileDescriptionTest()'><b>validateGetMobileDescriptionTest</b><br>Test class: com.crm.qa.testcases.LoginPageTest</td>
<td></td>
<td>0</td>
<td>com.crm.qa.testcases.LoginPageTest@7e0b0338</td></tr>
<tr>
<td title='com.crm.qa.testcases.LoginPageTest.validateMarketingAutomationDescriptionTest()'><b>validateMarketingAutomationDescriptionTest</b><br>Test class: com.crm.qa.testcases.LoginPageTest</td>
<td></td>
<td>0</td>
<td>com.crm.qa.testcases.LoginPageTest@7e0b0338</td></tr>
<tr>
<td title='com.crm.qa.testcases.LoginPageTest.validateSalesPipelineDescriptionTest()'><b>validateSalesPipelineDescriptionTest</b><br>Test class: com.crm.qa.testcases.LoginPageTest</td>
<td></td>
<td>0</td>
<td>com.crm.qa.testcases.LoginPageTest@7e0b0338</td></tr>
<tr>
<td title='com.crm.qa.testcases.HomePageTest.verifyContactsLinkTest()'><b>verifyContactsLinkTest</b><br>Test class: com.crm.qa.testcases.HomePageTest<br>Test method: This will Test click on the contacts link and lands onthe contactsPage</td>
<td></td>
<td>0</td>
<td>com.crm.qa.testcases.HomePageTest@617faa95</td></tr>
<tr>
<td title='com.crm.qa.testcases.ContactsPageTest.verifyContactsPageLabel()'><b>verifyContactsPageLabel</b><br>Test class: com.crm.qa.testcases.ContactsPageTest</td>
<td></td>
<td>0</td>
<td>com.crm.qa.testcases.ContactsPageTest@1e127982</td></tr>
<tr>
<td title='com.crm.qa.testcases.HomePageTest.verifyHomePageTitleTest()'><b>verifyHomePageTitleTest</b><br>Test class: com.crm.qa.testcases.HomePageTest<br>Test method: This will Test Title of the Home Page</td>
<td></td>
<td>0</td>
<td>com.crm.qa.testcases.HomePageTest@617faa95</td></tr>
<tr>
<td title='com.crm.qa.testcases.HomePageTest.verifyUserNameTest()'><b>verifyUserNameTest</b><br>Test class: com.crm.qa.testcases.HomePageTest<br>Test method: This will Test User Name Label present on the Home Page</td>
<td></td>
<td>0</td>
<td>com.crm.qa.testcases.HomePageTest@617faa95</td></tr>
</table><p>
</body>
</html>